<?xml version="1.0" encoding="UTF-8"?>
<!-- Generated by org.testng.reporters.JUnitXMLReporter -->
<testsuite hostname="DESKTOP-1906I2D" ignored="0" name="Test" tests="8" failures="0" timestamp="2020-03-24T22:39:57 IST" time="0.057" errors="0">
  <testcase name="admin1" time="0.008" classname="cts.testng.practise.Display"/>
  <testcase name="admin2" time="0.001" classname="cts.testng.practise.Display"/>
  <testcase name="customer1" time="0.0" classname="cts.testng.practise.Display"/>
  <testcase name="customer2" time="0.001" classname="cts.testng.practise.Display"/>
  <testcase name="customer3" time="0.0" classname="cts.testng.practise.Display"/>
  <testcase name="vendor1" time="0.001" classname="cts.testng.practise.Display"/>
  <testcase name="vendor2" time="0.0" classname="cts.testng.practise.Display"/>
  <testcase name="vendor3" time="0.001" classname="cts.testng.practise.Display"/>
</testsuite> <!-- Test -->
